<?xml version="1.0" encoding="UTF-8"?>
<!-- Generated by org.testng.reporters.JUnitReportReporter -->
<testsuite skipped="0" hostname="SAMSUNG" name="automationAPI.TC_003_GET_Request" tests="1" failures="0" timestamp="2021-05-25T20:36:15 IST" time="8.351" errors="0">
  <testcase name="getValidationHeaders" time="8.351" classname="automationAPI.TC_003_GET_Request"/>
  <system-out/>
</testsuite> <!-- automationAPI.TC_003_GET_Request -->
