<?xml version="1.0" encoding="UTF-8"?>
<!-- Generated by org.testng.reporters.JUnitReportReporter -->
<testsuite skipped="0" hostname="SAMSUNG" name="automationAPI.Demo04_GET_Request_PrintAllHeaders" tests="1" failures="0" timestamp="2021-05-25T21:02:00 IST" time="7.390" errors="0">
  <testcase name="getAllHeaders" time="7.390" classname="automationAPI.Demo04_GET_Request_PrintAllHeaders"/>
  <system-out/>
</testsuite> <!-- automationAPI.Demo04_GET_Request_PrintAllHeaders -->
